<?xml version="1.0" encoding="UTF-8"?>
<Site BuildName="Linux-clang++-19"
	BuildStamp="20250623-1649-Experimental"
	Name="ppc"
	Generator="ctest-3.25.1"
	CompilerName="/usr/bin/clang++-19"
	CompilerVersion="19.1.4"
	OSName="Linux"
	Hostname="ppc"
	OSRelease="6.1.0-31-amd64"
	OSVersion="#1 SMP PREEMPT_DYNAMIC Debian 6.1.128-1 (2025-02-07)"
	OSPlatform="x86_64"
	Is64Bits="1"
	VendorString="GenuineIntel"
	VendorID="Intel Corporation"
	FamilyID="6"
	ModelID="156"
	ProcessorCacheSize="4096"
	NumberOfLogicalCPU="4"
	NumberOfPhysicalCPU="4"
	TotalVirtualMemory="15258"
	TotalPhysicalMemory="15772"
	LogicalProcessorsPerPhysical="1"
	ProcessorClockFrequency="2299.99"
	>
	<Testing>
		<StartDateTime>Jun 23 23:49 +07</StartDateTime>
		<StartTestTime>1750697370</StartTestTime>
		<TestList/>
		<EndDateTime>Jun 23 23:49 +07</EndDateTime>
		<EndTestTime>1750697370</EndTestTime>
		<ElapsedMinutes>0</ElapsedMinutes>
	</Testing>
</Site>
