<?xml version="1.0" encoding="UTF-8"?>
<Site BuildName="(empty)"
	BuildStamp="20251023-1651-Experimental"
	Name="(empty)"
	Generator="ctest-3.25.1"
	CompilerName=""
	CompilerVersion=""
	OSName="Linux"
	Hostname="ppc"
	OSRelease="6.1.0-40-amd64"
	OSVersion="#1 SMP PREEMPT_DYNAMIC Debian 6.1.153-1 (2025-09-20)"
	OSPlatform="x86_64"
	Is64Bits="1"
	VendorString="GenuineIntel"
	VendorID="Intel Corporation"
	FamilyID="6"
	ModelID="156"
	ProcessorCacheSize="4096"
	NumberOfLogicalCPU="4"
	NumberOfPhysicalCPU="4"
	TotalVirtualMemory="16383"
	TotalPhysicalMemory="15772"
	LogicalProcessorsPerPhysical="1"
	ProcessorClockFrequency="2747.38"
	>
	<Testing>
		<StartDateTime>Oct 24 00:18 +07</StartDateTime>
		<StartTestTime>1761239915</StartTestTime>
		<TestList/>
		<EndDateTime>Oct 24 00:18 +07</EndDateTime>
		<EndTestTime>1761239915</EndTestTime>
		<ElapsedMinutes>0</ElapsedMinutes>
	</Testing>
</Site>
